0	/proc/kcore
30M	/usr/lib/x86_64-linux-gnu/libicudata.so.72.1
31M	/usr/bin/x86_64-linux-gnu-lto-dump-12
31M	/usr/lib/gcc/x86_64-linux-gnu/12/lto1
32M	/usr/lib/gcc/x86_64-linux-gnu/12/cc1
32M	/var/lib/apt/lists/deb.debian.org_debian_dists_bookworm_main_i18n_Translation-en
33M	/boot/initrd.img-6.1.0-44-amd64
33M	/boot/initrd.img-6.1.0-50-amd64
33M	/var/log/journal/8247b53b6ae84ae0ad9bb1c96113fd29/system@000654e914b0fb5f-f20d94ab522960d7.journal~
35M	/var/log/journal/8247b53b6ae84ae0ad9bb1c96113fd29/system@4f44ef78d53d4cd0a5555898b8d0015b-000000000003f65c-00064d7969fad78c.journal
39M	/var/cache/apt/pkgcache.bin
39M	/var/cache/apt/srcpkgcache.bin
43M	/var/log/journal/8247b53b6ae84ae0ad9bb1c96113fd29/system@4f44ef78d53d4cd0a5555898b8d0015b-000000000004d6d0-00065242b87f912a.journal
43M	/var/log/journal/8247b53b6ae84ae0ad9bb1c96113fd29/system@4f44ef78d53d4cd0a5555898b8d0015b-000000000013b06c-000654303a1201f5.journal
43M	/var/log/journal/8247b53b6ae84ae0ad9bb1c96113fd29/system@4f44ef78d53d4cd0a5555898b8d0015b-000000000014a0db-000654440c96a329.journal
44M	/var/log/journal/8247b53b6ae84ae0ad9bb1c96113fd29/system@4f44ef78d53d4cd0a5555898b8d0015b-000000000005ca87-000653a0a37fd01e.journal
44M	/var/log/journal/8247b53b6ae84ae0ad9bb1c96113fd29/system@4f44ef78d53d4cd0a5555898b8d0015b-000000000006c613-000653aba9b1991f.journal
44M	/var/log/journal/8247b53b6ae84ae0ad9bb1c96113fd29/system@4f44ef78d53d4cd0a5555898b8d0015b-000000000007c1cf-000653b69ef32fa6.journal
44M	/var/log/journal/8247b53b6ae84ae0ad9bb1c96113fd29/system@4f44ef78d53d4cd0a5555898b8d0015b-000000000008bb32-000653c297309edc.journal
44M	/var/log/journal/8247b53b6ae84ae0ad9bb1c96113fd29/system@4f44ef78d53d4cd0a5555898b8d0015b-000000000009b91d-000653cc93c81e56.journal
44M	/var/log/journal/8247b53b6ae84ae0ad9bb1c96113fd29/system@4f44ef78d53d4cd0a5555898b8d0015b-00000000000ab4ea-000653d77c5c1149.journal
44M	/var/log/journal/8247b53b6ae84ae0ad9bb1c96113fd29/system@4f44ef78d53d4cd0a5555898b8d0015b-00000000000bb4ae-000653e0e464fbba.journal
44M	/var/log/journal/8247b53b6ae84ae0ad9bb1c96113fd29/system@4f44ef78d53d4cd0a5555898b8d0015b-00000000000cb658-000653e97bef6d7f.journal
44M	/var/log/journal/8247b53b6ae84ae0ad9bb1c96113fd29/system@4f44ef78d53d4cd0a5555898b8d0015b-00000000000db8c9-000653f1df947936.journal
44M	/var/log/journal/8247b53b6ae84ae0ad9bb1c96113fd29/system@4f44ef78d53d4cd0a5555898b8d0015b-00000000000fbec9-0006540279fb0af2.journal
44M	/var/log/journal/8247b53b6ae84ae0ad9bb1c96113fd29/system@4f44ef78d53d4cd0a5555898b8d0015b-000000000010c0ec-0006540b1cd179ef.journal
44M	/var/log/journal/8247b53b6ae84ae0ad9bb1c96113fd29/system@4f44ef78d53d4cd0a5555898b8d0015b-000000000011beb5-000654152c40ea73.journal
44M	/var/log/journal/8247b53b6ae84ae0ad9bb1c96113fd29/system@4f44ef78d53d4cd0a5555898b8d0015b-000000000012bd18-0006541efb4e910b.journal
45M	/var/log/journal/8247b53b6ae84ae0ad9bb1c96113fd29/system@4f44ef78d53d4cd0a5555898b8d0015b-00000000000ebb8b-000653fa31acb7c1.journal
48M	/var/lib/apt/lists/deb.debian.org_debian_dists_bookworm_main_binary-amd64_Packages
49M	/var/lib/apt/lists/deb.debian.org_debian_dists_bookworm_main_source_Sources
163M	/var/log/btmp.1
